Change Component Designator: Old Designator=AE? New Designator=AE1
Change Component Designator: Old Designator=C? New Designator=C93
Change Component Designator: Old Designator=C? New Designator=C94
Change Component Designator: Old Designator=C? New Designator=C95
Change Component Designator: Old Designator=C? New Designator=C96
Change Component Designator: Old Designator=C? New Designator=C97
Change Component Designator: Old Designator=C? New Designator=C98
Change Component Designator: Old Designator=C? New Designator=C99
Change Component Designator: Old Designator=C? New Designator=C100
Change Component Designator: Old Designator=C? New Designator=C101
Change Component Designator: Old Designator=C? New Designator=C102
Change Component Designator: Old Designator=C? New Designator=C103
Change Component Designator: Old Designator=L? New Designator=L6
Change Component Designator: Old Designator=LED? New Designator=LED3
Change Component Designator: Old Designator=P_H? New Designator=P_H1
Change Component Designator: Old Designator=P_H? New Designator=P_H2
Change Component Designator: Old Designator=R? New Designator=R119
Change Component Designator: Old Designator=R? New Designator=R120
Change Component Designator: Old Designator=R? New Designator=R121
Change Component Designator: Old Designator=S? New Designator=S3
Change Component Designator: Old Designator=U? New Designator=U32
Change Component Designator: Old Designator=X? New Designator=X3
Change Component Designator: Old Designator=Y? New Designator=Y2
