Added Component: Designator=C62(C0603)
Add component (AddParameter): Name = "Datasheet"; Value = "https://datasheet.lcsc.com/lcsc/2304140030_Samsung-Electro-Mechanics-CL10B104KB8NNNC_C1591.pdf"; VariantName = "[No Variations]"
Add component (AddParameter): Name = "LCSC"; Value = "C1591"; VariantName = "[No Variations]"
Add component (AddParameter): Name = "Manufacturer"; Value = "SAMSUNG"; VariantName = "[No Variations]"
Add component (AddParameter): Name = "Max Operating Temp"; Value = "125"; VariantName = "[No Variations]"
Add component (AddParameter): Name = "Min Operating Temp"; Value = "-55"; VariantName = "[No Variations]"
Add component (AddParameter): Name = "MPN"; Value = "CL10B104KB8NNNC"; VariantName = "[No Variations]"
Add component (AddParameter): Name = "Package"; Value = "0603"; VariantName = "[No Variations]"
Add component (AddParameter): Name = "Value"; Value = "100nF,50V,±10%"; VariantName = "[No Variations]"
Added Component: Designator=C63(C0603)
Add component (AddParameter): Name = "Datasheet"; Value = "https://datasheet.lcsc.com/lcsc/2304140030_Samsung-Electro-Mechanics-CL10B104KB8NNNC_C1591.pdf"; VariantName = "[No Variations]"
Add component (AddParameter): Name = "LCSC"; Value = "C1591"; VariantName = "[No Variations]"
Add component (AddParameter): Name = "Manufacturer"; Value = "SAMSUNG"; VariantName = "[No Variations]"
Add component (AddParameter): Name = "Max Operating Temp"; Value = "125"; VariantName = "[No Variations]"
Add component (AddParameter): Name = "Min Operating Temp"; Value = "-55"; VariantName = "[No Variations]"
Add component (AddParameter): Name = "MPN"; Value = "CL10B104KB8NNNC"; VariantName = "[No Variations]"
Add component (AddParameter): Name = "Package"; Value = "0603"; VariantName = "[No Variations]"
Add component (AddParameter): Name = "Value"; Value = "100nF,50V,±10%"; VariantName = "[No Variations]"
Added Component: Designator=C64(C0603)
Add component (AddParameter): Name = "Datasheet"; Value = "https://datasheet.lcsc.com/lcsc/2304140030_Samsung-Electro-Mechanics-CL10B104KB8NNNC_C1591.pdf"; VariantName = "[No Variations]"
Add component (AddParameter): Name = "LCSC"; Value = "C1591"; VariantName = "[No Variations]"
Add component (AddParameter): Name = "Manufacturer"; Value = "SAMSUNG"; VariantName = "[No Variations]"
Add component (AddParameter): Name = "Max Operating Temp"; Value = "125"; VariantName = "[No Variations]"
Add component (AddParameter): Name = "Min Operating Temp"; Value = "-55"; VariantName = "[No Variations]"
Add component (AddParameter): Name = "MPN"; Value = "CL10B104KB8NNNC"; VariantName = "[No Variations]"
Add component (AddParameter): Name = "Package"; Value = "0603"; VariantName = "[No Variations]"
Add component (AddParameter): Name = "Value"; Value = "100nF,50V,±10%"; VariantName = "[No Variations]"
Added Component: Designator=C65(C0603)
Add component (AddParameter): Name = "Datasheet"; Value = "https://datasheet.lcsc.com/lcsc/2304140030_Samsung-Electro-Mechanics-CL10B104KB8NNNC_C1591.pdf"; VariantName = "[No Variations]"
Add component (AddParameter): Name = "LCSC"; Value = "C1591"; VariantName = "[No Variations]"
Add component (AddParameter): Name = "Manufacturer"; Value = "SAMSUNG"; VariantName = "[No Variations]"
Add component (AddParameter): Name = "Max Operating Temp"; Value = "125"; VariantName = "[No Variations]"
Add component (AddParameter): Name = "Min Operating Temp"; Value = "-55"; VariantName = "[No Variations]"
Add component (AddParameter): Name = "MPN"; Value = "CL10B104KB8NNNC"; VariantName = "[No Variations]"
Add component (AddParameter): Name = "Package"; Value = "0603"; VariantName = "[No Variations]"
Add component (AddParameter): Name = "Value"; Value = "100nF,50V,±10%"; VariantName = "[No Variations]"
Added Component: Designator=C66(C0603)
Add component (AddParameter): Name = "Datasheet"; Value = "https://datasheet.lcsc.com/lcsc/2304140030_Samsung-Electro-Mechanics-CL10B104KB8NNNC_C1591.pdf"; VariantName = "[No Variations]"
Add component (AddParameter): Name = "LCSC"; Value = "C1591"; VariantName = "[No Variations]"
Add component (AddParameter): Name = "Manufacturer"; Value = "SAMSUNG"; VariantName = "[No Variations]"
Add component (AddParameter): Name = "Max Operating Temp"; Value = "125"; VariantName = "[No Variations]"
Add component (AddParameter): Name = "Min Operating Temp"; Value = "-55"; VariantName = "[No Variations]"
Add component (AddParameter): Name = "MPN"; Value = "CL10B104KB8NNNC"; VariantName = "[No Variations]"
Add component (AddParameter): Name = "Package"; Value = "0603"; VariantName = "[No Variations]"
Add component (AddParameter): Name = "Value"; Value = "100nF,50V,±10%"; VariantName = "[No Variations]"
Added Component: Designator=C67(C0603)
Add component (AddParameter): Name = "Datasheet"; Value = "https://datasheet.lcsc.com/lcsc/2304140030_Samsung-Electro-Mechanics-CL10B104KB8NNNC_C1591.pdf"; VariantName = "[No Variations]"
Add component (AddParameter): Name = "LCSC"; Value = "C1591"; VariantName = "[No Variations]"
Add component (AddParameter): Name = "Manufacturer"; Value = "SAMSUNG"; VariantName = "[No Variations]"
Add component (AddParameter): Name = "Max Operating Temp"; Value = "125"; VariantName = "[No Variations]"
Add component (AddParameter): Name = "Min Operating Temp"; Value = "-55"; VariantName = "[No Variations]"
Add component (AddParameter): Name = "MPN"; Value = "CL10B104KB8NNNC"; VariantName = "[No Variations]"
Add component (AddParameter): Name = "Package"; Value = "0603"; VariantName = "[No Variations]"
Add component (AddParameter): Name = "Value"; Value = "100nF,50V,±10%"; VariantName = "[No Variations]"
Added Component: Designator=C68(C0603)
Add component (AddParameter): Name = "Datasheet"; Value = "https://datasheet.lcsc.com/lcsc/2304140030_Samsung-Electro-Mechanics-CL10B104KB8NNNC_C1591.pdf"; VariantName = "[No Variations]"
Add component (AddParameter): Name = "LCSC"; Value = "C1591"; VariantName = "[No Variations]"
Add component (AddParameter): Name = "Manufacturer"; Value = "SAMSUNG"; VariantName = "[No Variations]"
Add component (AddParameter): Name = "Max Operating Temp"; Value = "125"; VariantName = "[No Variations]"
Add component (AddParameter): Name = "Min Operating Temp"; Value = "-55"; VariantName = "[No Variations]"
Add component (AddParameter): Name = "MPN"; Value = "CL10B104KB8NNNC"; VariantName = "[No Variations]"
Add component (AddParameter): Name = "Package"; Value = "0603"; VariantName = "[No Variations]"
Add component (AddParameter): Name = "Value"; Value = "100nF,50V,±10%"; VariantName = "[No Variations]"
Added Component: Designator=C69(C0603)
Add component (AddParameter): Name = "Datasheet"; Value = "https://datasheet.lcsc.com/lcsc/2304140030_Samsung-Electro-Mechanics-CL10B104KB8NNNC_C1591.pdf"; VariantName = "[No Variations]"
Add component (AddParameter): Name = "LCSC"; Value = "C1591"; VariantName = "[No Variations]"
Add component (AddParameter): Name = "Manufacturer"; Value = "SAMSUNG"; VariantName = "[No Variations]"
Add component (AddParameter): Name = "Max Operating Temp"; Value = "125"; VariantName = "[No Variations]"
Add component (AddParameter): Name = "Min Operating Temp"; Value = "-55"; VariantName = "[No Variations]"
Add component (AddParameter): Name = "MPN"; Value = "CL10B104KB8NNNC"; VariantName = "[No Variations]"
Add component (AddParameter): Name = "Package"; Value = "0603"; VariantName = "[No Variations]"
Add component (AddParameter): Name = "Value"; Value = "100nF,50V,±10%"; VariantName = "[No Variations]"
Added Component: Designator=C70(C0603)
Add component (AddParameter): Name = "Datasheet"; Value = "https://datasheet.lcsc.com/lcsc/2304140030_Samsung-Electro-Mechanics-CL10B104KB8NNNC_C1591.pdf"; VariantName = "[No Variations]"
Add component (AddParameter): Name = "LCSC"; Value = "C1591"; VariantName = "[No Variations]"
Add component (AddParameter): Name = "Manufacturer"; Value = "SAMSUNG"; VariantName = "[No Variations]"
Add component (AddParameter): Name = "Max Operating Temp"; Value = "125"; VariantName = "[No Variations]"
Add component (AddParameter): Name = "Min Operating Temp"; Value = "-55"; VariantName = "[No Variations]"
Add component (AddParameter): Name = "MPN"; Value = "CL10B104KB8NNNC"; VariantName = "[No Variations]"
Add component (AddParameter): Name = "Package"; Value = "0603"; VariantName = "[No Variations]"
Add component (AddParameter): Name = "Value"; Value = "100nF,50V,±10%"; VariantName = "[No Variations]"
Add Component: Footprint Not Found SOT229P700X180-4N
Added Component: Designator=R91(R1206)
Add component (AddParameter): Name = "Datasheet"; Value = "https://www.lcsc.com/datasheet/lcsc_datasheet_2010201834_YAGEO-RT1206BRD07400RL_C706413.pdf"; VariantName = "[No Variations]"
Add component (AddParameter): Name = "LCSC"; Value = "C706413"; VariantName = "[No Variations]"
Add component (AddParameter): Name = "Manufacturer"; Value = "YAGEO"; VariantName = "[No Variations]"
Add component (AddParameter): Name = "Max Operating Temp"; Value = "+155"; VariantName = "[No Variations]"
Add component (AddParameter): Name = "Min Operating Temp"; Value = "-55"; VariantName = "[No Variations]"
Add component (AddParameter): Name = "MPN"; Value = "RT1206BRD07400RL"; VariantName = "[No Variations]"
Add component (AddParameter): Name = "Package"; Value = "1206"; VariantName = "[No Variations]"
Add component (AddParameter): Name = "value"; Value = "400O,0.1%"; VariantName = "[No Variations]"
Added Component: Designator=R92(R1206)
Add component (AddParameter): Name = "Datasheet"; Value = "https://www.lcsc.com/datasheet/lcsc_datasheet_2010201834_YAGEO-RT1206BRD07400RL_C706413.pdf"; VariantName = "[No Variations]"
Add component (AddParameter): Name = "LCSC"; Value = "C706413"; VariantName = "[No Variations]"
Add component (AddParameter): Name = "Manufacturer"; Value = "YAGEO"; VariantName = "[No Variations]"
Add component (AddParameter): Name = "Max Operating Temp"; Value = "+155"; VariantName = "[No Variations]"
Add component (AddParameter): Name = "Min Operating Temp"; Value = "-55"; VariantName = "[No Variations]"
Add component (AddParameter): Name = "MPN"; Value = "RT1206BRD07400RL"; VariantName = "[No Variations]"
Add component (AddParameter): Name = "Package"; Value = "1206"; VariantName = "[No Variations]"
Add component (AddParameter): Name = "value"; Value = "400O,0.1%"; VariantName = "[No Variations]"
Added Component: Designator=R93(R1206)
Add component (AddParameter): Name = "Datasheet"; Value = "https://www.lcsc.com/datasheet/lcsc_datasheet_2010201834_YAGEO-RT1206BRD07400RL_C706413.pdf"; VariantName = "[No Variations]"
Add component (AddParameter): Name = "LCSC"; Value = "C706413"; VariantName = "[No Variations]"
Add component (AddParameter): Name = "Manufacturer"; Value = "YAGEO"; VariantName = "[No Variations]"
Add component (AddParameter): Name = "Max Operating Temp"; Value = "+155"; VariantName = "[No Variations]"
Add component (AddParameter): Name = "Min Operating Temp"; Value = "-55"; VariantName = "[No Variations]"
Add component (AddParameter): Name = "MPN"; Value = "RT1206BRD07400RL"; VariantName = "[No Variations]"
Add component (AddParameter): Name = "Package"; Value = "1206"; VariantName = "[No Variations]"
Add component (AddParameter): Name = "value"; Value = "400O,0.1%"; VariantName = "[No Variations]"
Add Component: Footprint Not Found solder bridge
Add Component: Footprint Not Found solder bridge
Add Component: Footprint Not Found solder bridge
Add Component: Footprint Not Found solder bridge
Add Component: Footprint Not Found solder bridge
Add Component: Footprint Not Found solder bridge
Add Component: Footprint Not Found solder bridge
Add Component: Footprint Not Found solder bridge
Add Component: Footprint Not Found solder bridge
Add Component: Footprint Not Found solder bridge
Add Component: Footprint Not Found VREG_V62/16624-01YE
Add Component: Footprint Not Found 8-VSSOP
Add Component: Footprint Not Found VREG_V62/16624-01YE
Added Component: Designator=U23(QFN-20-EP(5x5))
Add component (AddParameter): Name = "Datasheet"; Value = "*https://www.lcsc.com/datasheet/lcsc_datasheet_2304140030_Analog-Devices-Inc--Maxim-Integrated-MAX31865ATP-T_C118474.pdf"; VariantName = "[No Variations]"
Add component (AddParameter): Name = "LCSC"; Value = "C118474"; VariantName = "[No Variations]"
Add component (AddParameter): Name = "Manufacturer"; Value = "ADI/MAXIM"; VariantName = "[No Variations]"
Add component (AddParameter): Name = "MPN"; Value = "MAX31865ATP+T"; VariantName = "[No Variations]"
Add component (AddParameter): Name = "Package"; Value = "QFN-20-EP(5x5)"; VariantName = "[No Variations]"
Added Component: Designator=U24(3p,P=6.35mm)
Add component (AddParameter): Name = "Datasheet"; Value = "https://atta.szlcsc.com/upload/public/pdf/source/20230321/4A82F27AE8A2F5607DB8D935518A4E7A.pdf"; VariantName = "[No Variations]"
Add component (AddParameter): Name = "LCSC"; Value = "C5179472"; VariantName = "[No Variations]"
Add component (AddParameter): Name = "Manufacturer"; Value = "DORABO"; VariantName = "[No Variations]"
Add component (AddParameter): Name = "MPN"; Value = "DBT50G-6.35-3P-BK-P OGC"; VariantName = "[No Variations]"
Add component (AddParameter): Name = "Package"; Value = "??,P=6.35mm"; VariantName = "[No Variations]"
Add component (AddParameter): Name = "Pitch"; Value = "6.35mm"; VariantName = "[No Variations]"
Added Component: Designator=U25(QFN-20-EP(5x5))
Add component (AddParameter): Name = "Datasheet"; Value = "*https://www.lcsc.com/datasheet/lcsc_datasheet_2304140030_Analog-Devices-Inc--Maxim-Integrated-MAX31865ATP-T_C118474.pdf"; VariantName = "[No Variations]"
Add component (AddParameter): Name = "LCSC"; Value = "C118474"; VariantName = "[No Variations]"
Add component (AddParameter): Name = "Manufacturer"; Value = "ADI/MAXIM"; VariantName = "[No Variations]"
Add component (AddParameter): Name = "MPN"; Value = "MAX31865ATP+T"; VariantName = "[No Variations]"
Add component (AddParameter): Name = "Package"; Value = "QFN-20-EP(5x5)"; VariantName = "[No Variations]"
Added Component: Designator=U26(QFN-20-EP(5x5))
Add component (AddParameter): Name = "Datasheet"; Value = "*https://www.lcsc.com/datasheet/lcsc_datasheet_2304140030_Analog-Devices-Inc--Maxim-Integrated-MAX31865ATP-T_C118474.pdf"; VariantName = "[No Variations]"
Add component (AddParameter): Name = "LCSC"; Value = "C118474"; VariantName = "[No Variations]"
Add component (AddParameter): Name = "Manufacturer"; Value = "ADI/MAXIM"; VariantName = "[No Variations]"
Add component (AddParameter): Name = "MPN"; Value = "MAX31865ATP+T"; VariantName = "[No Variations]"
Add component (AddParameter): Name = "Package"; Value = "QFN-20-EP(5x5)"; VariantName = "[No Variations]"
Added Component: Designator=U27(3p,P=6.35mm)
Add component (AddParameter): Name = "Datasheet"; Value = "https://atta.szlcsc.com/upload/public/pdf/source/20230321/4A82F27AE8A2F5607DB8D935518A4E7A.pdf"; VariantName = "[No Variations]"
Add component (AddParameter): Name = "LCSC"; Value = "C5179472"; VariantName = "[No Variations]"
Add component (AddParameter): Name = "Manufacturer"; Value = "DORABO"; VariantName = "[No Variations]"
Add component (AddParameter): Name = "MPN"; Value = "DBT50G-6.35-3P-BK-P OGC"; VariantName = "[No Variations]"
Add component (AddParameter): Name = "Package"; Value = "??,P=6.35mm"; VariantName = "[No Variations]"
Add component (AddParameter): Name = "Pitch"; Value = "6.35mm"; VariantName = "[No Variations]"
Added Component: Designator=U28(3p,P=6.35mm)
Add component (AddParameter): Name = "Datasheet"; Value = "https://atta.szlcsc.com/upload/public/pdf/source/20230321/4A82F27AE8A2F5607DB8D935518A4E7A.pdf"; VariantName = "[No Variations]"
Add component (AddParameter): Name = "LCSC"; Value = "C5179472"; VariantName = "[No Variations]"
Add component (AddParameter): Name = "Manufacturer"; Value = "DORABO"; VariantName = "[No Variations]"
Add component (AddParameter): Name = "MPN"; Value = "DBT50G-6.35-3P-BK-P OGC"; VariantName = "[No Variations]"
Add component (AddParameter): Name = "Package"; Value = "??,P=6.35mm"; VariantName = "[No Variations]"
Add component (AddParameter): Name = "Pitch"; Value = "6.35mm"; VariantName = "[No Variations]"
Added Pin To Net: NetName=GND Pin=C62-1
Added Pin To Net: NetName=GND Pin=C63-1
Added Pin To Net: NetName=GND Pin=C65-1
Added Pin To Net: NetName=GND Pin=C66-1
Added Pin To Net: NetName=GND Pin=C67-1
Added Pin To Net: NetName=GND Pin=C68-1
Add Pin To Net: Unknown Pin: Pin D5-1
Add Pin To Net: Unknown Pin: Pin D5-2
Add Pin To Net: Unknown Pin: Pin D6-1
Add Pin To Net: Unknown Pin: Pin D6-2
Add Pin To Net: Unknown Pin: Pin D7-1
Add Pin To Net: Unknown Pin: Pin D7-2
Add Pin To Net: Unknown Pin: Pin D8-1
Add Pin To Net: Unknown Pin: Pin D8-2
Add Pin To Net: Unknown Pin: Pin D9-1
Add Pin To Net: Unknown Pin: Pin D9-2
Add Pin To Net: Unknown Pin: Pin IC1-1
Add Pin To Net: Unknown Pin: Pin IC1-2
Add Pin To Net: Unknown Pin: Pin IC1-4
Add Pin To Net: Unknown Pin: Pin SB1-1
Add Pin To Net: Unknown Pin: Pin SB1-2
Add Pin To Net: Unknown Pin: Pin SB2-1
Add Pin To Net: Unknown Pin: Pin SB2-2
Add Pin To Net: Unknown Pin: Pin SB3-1
Add Pin To Net: Unknown Pin: Pin SB3-2
Add Pin To Net: Unknown Pin: Pin SB4-1
Add Pin To Net: Unknown Pin: Pin SB4-2
Add Pin To Net: Unknown Pin: Pin SB5-1
Add Pin To Net: Unknown Pin: Pin SB5-2
Add Pin To Net: Unknown Pin: Pin SB6-1
Add Pin To Net: Unknown Pin: Pin SB6-2
Add Pin To Net: Unknown Pin: Pin SB7-1
Add Pin To Net: Unknown Pin: Pin SB7-2
Add Pin To Net: Unknown Pin: Pin SB8-1
Add Pin To Net: Unknown Pin: Pin SB8-2
Add Pin To Net: Unknown Pin: Pin SB9-1
Add Pin To Net: Unknown Pin: Pin SB9-2
Add Pin To Net: Unknown Pin: Pin SB10-1
Add Pin To Net: Unknown Pin: Pin SB10-2
Add Pin To Net: Unknown Pin: Pin U7-1
Add Pin To Net: Unknown Pin: Pin U7-2
Add Pin To Net: Unknown Pin: Pin U7-3
Add Pin To Net: Unknown Pin: Pin U7-4
Add Pin To Net: Unknown Pin: Pin U7-5
Add Pin To Net: Unknown Pin: Pin U7-6
Add Pin To Net: Unknown Pin: Pin U7-7
Add Pin To Net: Unknown Pin: Pin U7-8
Add Pin To Net: Unknown Pin: Pin U7-9
Add Pin To Net: Unknown Pin: Pin U7-10
Add Pin To Net: Unknown Pin: Pin U7-11
Add Pin To Net: Unknown Pin: Pin U13-1
Add Pin To Net: Unknown Pin: Pin U13-2
Add Pin To Net: Unknown Pin: Pin U13-4
Add Pin To Net: Unknown Pin: Pin U13-5
Add Pin To Net: Unknown Pin: Pin U13-7
Add Pin To Net: Unknown Pin: Pin U13-8
Add Pin To Net: Unknown Pin: Pin U19-1
Add Pin To Net: Unknown Pin: Pin U19-6
Add Pin To Net: Unknown Pin: Pin U19-10
Added Pin To Net: NetName=GND Pin=U23-10
Added Pin To Net: NetName=SDI Pin=U23-11
Added Pin To Net: NetName=SCLK Pin=U23-12
Added Pin To Net: NetName=CS Pin=U23-13
Added Pin To Net: NetName=SDO Pin=U23-14
Added Pin To Net: NetName=GND Pin=U23-15
Added Pin To Net: NetName=GND Pin=U23-16
Added Pin To Net: NetName=DRDY Pin=U23-18
Added Pin To Net: NetName=GND Pin=U23-21
Added Pin To Net: NetName=GND Pin=U25-10
Added Pin To Net: NetName=SDI Pin=U25-11
Added Pin To Net: NetName=SCLK Pin=U25-12
Added Pin To Net: NetName=CS Pin=U25-13
Added Pin To Net: NetName=SDO Pin=U25-14
Added Pin To Net: NetName=GND Pin=U25-15
Added Pin To Net: NetName=GND Pin=U25-16
Added Pin To Net: NetName=DRDY Pin=U25-18
Added Pin To Net: NetName=GND Pin=U25-21
Added Pin To Net: NetName=GND Pin=U26-10
Added Pin To Net: NetName=SDI Pin=U26-11
Added Pin To Net: NetName=SCLK Pin=U26-12
Added Pin To Net: NetName=CS Pin=U26-13
Added Pin To Net: NetName=SDO Pin=U26-14
Added Pin To Net: NetName=GND Pin=U26-15
Added Pin To Net: NetName=GND Pin=U26-16
Added Pin To Net: NetName=DRDY Pin=U26-18
Added Pin To Net: NetName=GND Pin=U26-21
Add Net: Net with name "+5V" already exists
Add Net: Net with name "NetC23_2" already exists
Add Net: Net with name "NetC26_2" already exists
Added Pin To Net: NetName=NetC62_2 Pin=C62-2
Added Pin To Net: NetName=NetC62_2 Pin=U23-19
Added Net: Name=NetC62_2
Added Pin To Net: NetName=NetC63_2 Pin=C63-2
Added Pin To Net: NetName=NetC63_2 Pin=U23-20
Added Net: Name=NetC63_2
Added Pin To Net: NetName=NetC64_1 Pin=C64-1
Added Pin To Net: NetName=NetC64_1 Pin=U23-7
Added Pin To Net: NetName=NetC64_1 Pin=U24-2
Added Net: Name=NetC64_1
Added Pin To Net: NetName=NetC64_2 Pin=C64-2
Added Pin To Net: NetName=NetC64_2 Pin=U23-8
Added Pin To Net: NetName=NetC64_2 Pin=U23-9
Added Pin To Net: NetName=NetC64_2 Pin=U24-3
Added Net: Name=NetC64_2
Added Pin To Net: NetName=NetC65_2 Pin=C65-2
Added Pin To Net: NetName=NetC65_2 Pin=U25-19
Added Net: Name=NetC65_2
Added Pin To Net: NetName=NetC66_2 Pin=C66-2
Added Pin To Net: NetName=NetC66_2 Pin=U25-20
Added Net: Name=NetC66_2
Added Pin To Net: NetName=NetC67_2 Pin=C67-2
Added Pin To Net: NetName=NetC67_2 Pin=U26-19
Added Net: Name=NetC67_2
Added Pin To Net: NetName=NetC68_2 Pin=C68-2
Added Pin To Net: NetName=NetC68_2 Pin=U26-20
Added Net: Name=NetC68_2
Added Pin To Net: NetName=NetC69_1 Pin=C69-1
Added Pin To Net: NetName=NetC69_1 Pin=U25-7
Added Pin To Net: NetName=NetC69_1 Pin=U27-2
Added Net: Name=NetC69_1
Added Pin To Net: NetName=NetC69_2 Pin=C69-2
Added Pin To Net: NetName=NetC69_2 Pin=U25-8
Added Pin To Net: NetName=NetC69_2 Pin=U25-9
Added Pin To Net: NetName=NetC69_2 Pin=U27-3
Added Net: Name=NetC69_2
Added Pin To Net: NetName=NetC70_1 Pin=C70-1
Added Pin To Net: NetName=NetC70_1 Pin=U26-7
Added Pin To Net: NetName=NetC70_1 Pin=U28-2
Added Net: Name=NetC70_1
Added Pin To Net: NetName=NetC70_2 Pin=C70-2
Added Pin To Net: NetName=NetC70_2 Pin=U26-8
Added Pin To Net: NetName=NetC70_2 Pin=U26-9
Added Pin To Net: NetName=NetC70_2 Pin=U28-3
Added Net: Name=NetC70_2
Add Net: Net with name "NetR23_1" already exists
Added Pin To Net: NetName=NetR91_1 Pin=R91-1
Added Pin To Net: NetName=NetR91_1 Pin=U23-3
Added Pin To Net: NetName=NetR91_1 Pin=U23-4
Added Net: Name=NetR91_1
Added Pin To Net: NetName=NetR91_2 Pin=R91-2
Added Pin To Net: NetName=NetR91_2 Pin=U23-1
Added Pin To Net: NetName=NetR91_2 Pin=U23-2
Added Net: Name=NetR91_2
Added Pin To Net: NetName=NetR92_1 Pin=R92-1
Added Pin To Net: NetName=NetR92_1 Pin=U25-3
Added Pin To Net: NetName=NetR92_1 Pin=U25-4
Added Net: Name=NetR92_1
Added Pin To Net: NetName=NetR92_2 Pin=R92-2
Added Pin To Net: NetName=NetR92_2 Pin=U25-1
Added Pin To Net: NetName=NetR92_2 Pin=U25-2
Added Net: Name=NetR92_2
Added Pin To Net: NetName=NetR93_1 Pin=R93-1
Added Pin To Net: NetName=NetR93_1 Pin=U26-3
Added Pin To Net: NetName=NetR93_1 Pin=U26-4
Added Net: Name=NetR93_1
Added Pin To Net: NetName=NetR93_2 Pin=R93-2
Added Pin To Net: NetName=NetR93_2 Pin=U26-1
Added Pin To Net: NetName=NetR93_2 Pin=U26-2
Added Net: Name=NetR93_2
Added Pin To Net: NetName=NetU23_5 Pin=U23-5
Added Pin To Net: NetName=NetU23_5 Pin=U23-6
Added Pin To Net: NetName=NetU23_5 Pin=U24-1
Added Net: Name=NetU23_5
Added Pin To Net: NetName=NetU25_5 Pin=U25-5
Added Pin To Net: NetName=NetU25_5 Pin=U25-6
Added Pin To Net: NetName=NetU25_5 Pin=U27-1
Added Net: Name=NetU25_5
Added Pin To Net: NetName=NetU26_5 Pin=U26-5
Added Pin To Net: NetName=NetU26_5 Pin=U26-6
Added Pin To Net: NetName=NetU26_5 Pin=U28-1
Added Net: Name=NetU26_5
Add Net: Net with name "RS450_EN" already exists
Add Net: Net with name "RS485_A" already exists
Add Net: Net with name "RS485_B" already exists
Add Net: Net with name "V_MCU_3.3V" already exists
Add Net: Net with name "V_MCU_3.3V" already exists
Added Member To Class: ClassName=MAX31865ATP Member=Component C62 CL10B104KB8NNNC
Added Member To Class: ClassName=MAX31865ATP Member=Component C63 CL10B104KB8NNNC
Added Member To Class: ClassName=MAX31865ATP Member=Component C64 CL10B104KB8NNNC
Added Member To Class: ClassName=MAX31865ATP Member=Component C65 CL10B104KB8NNNC
Added Member To Class: ClassName=MAX31865ATP Member=Component C66 CL10B104KB8NNNC
Added Member To Class: ClassName=MAX31865ATP Member=Component C67 CL10B104KB8NNNC
Added Member To Class: ClassName=MAX31865ATP Member=Component C68 CL10B104KB8NNNC
Added Member To Class: ClassName=MAX31865ATP Member=Component C69 CL10B104KB8NNNC
Added Member To Class: ClassName=MAX31865ATP Member=Component C70 CL10B104KB8NNNC
Add Class Member: Failed to add class member : Component IC1 AMS1117-3.3
Added Member To Class: ClassName=MAX31865ATP Member=Component R91 400O
Added Member To Class: ClassName=MAX31865ATP Member=Component R92 400O
Added Member To Class: ClassName=MAX31865ATP Member=Component R93 400O
Add Class Member: Failed to add class member : Component SB1 solder bridge
Add Class Member: Failed to add class member : Component SB2 solder bridge
Add Class Member: Failed to add class member : Component SB3 solder bridge
Add Class Member: Failed to add class member : Component SB4 solder bridge
Add Class Member: Failed to add class member : Component SB5 solder bridge
Add Class Member: Failed to add class member : Component SB6 solder bridge
Add Class Member: Failed to add class member : Component SB7 solder bridge
Add Class Member: Failed to add class member : Component SB8 solder bridge
Add Class Member: Failed to add class member : Component SB9 solder bridge
Add Class Member: Failed to add class member : Component SB10 solder bridge
Add Class Member: Failed to add class member : Component U7 TPS63001DRCR
Add Class Member: Failed to add class member : Component U13 TXS0102DCUR
Add Class Member: Failed to add class member : Component U19 XTR111AIDRCR
Added Member To Class: ClassName=MAX31865ATP Member=Component U23 MAX31865ATP+T
Added Member To Class: ClassName=MAX31865ATP Member=Component U24 DORABO'
Added Member To Class: ClassName=MAX31865ATP Member=Component U25 MAX31865ATP+T
Added Member To Class: ClassName=MAX31865ATP Member=Component U26 MAX31865ATP+T
Added Member To Class: ClassName=MAX31865ATP Member=Component U27 DORABO'
Added Member To Class: ClassName=MAX31865ATP Member=Component U28 DORABO'
