Removed Member From Class: ClassName=SD card Member=C2
Removed Member From Class: ClassName=3.4_4.2V_TO_FIXED_3.3V Member=C38
Removed Member From Class: ClassName=ETHERNET_W5500 Member=C38
Removed Member From Class: ClassName=3.4_4.2V_TO_FIXED_3.3V Member=C39
Removed Member From Class: ClassName=ETHERNET_W5500 Member=C41
Removed Member From Class: ClassName=ETHERNET_W5500 Member=C42
Removed Member From Class: ClassName=ETHERNET_STM32 Member=C46
Removed Member From Class: ClassName=ETHERNET_STM32 Member=C48
Removed Member From Class: ClassName=ETHERNET_STM32 Member=C50
Removed Member From Class: ClassName=BQ24259RGER Member=C60
Removed Member From Class: ClassName=ETHERNET_W5500 Member=C60
Removed Member From Class: ClassName=PWR_CTRL Member=C60
Removed Member From Class: ClassName=STM32F446RET6 Member=C61
Removed Member From Class: ClassName=STM32F446RET6 Member=C63
Removed Member From Class: ClassName=BQ24259RGER Member=C64
Removed Member From Class: ClassName=ETHERNET_STM32 Member=C64
Removed Member From Class: ClassName=STM32F446RET6 Member=C64
Removed Member From Class: ClassName=BQ24259RGER Member=C70
Removed Member From Class: ClassName=ETHERNET_STM32 Member=C70
Removed Member From Class: ClassName=BQ24259RGER Member=C71
Removed Member From Class: ClassName=BQ24259RGER Member=C72
Removed Member From Class: ClassName=ETHERNET_W5500 Member=C74
Removed Member From Class: ClassName=PWR_CTRL Member=C74
Removed Member From Class: ClassName=MAX31865ATP Member=C76
Removed Member From Class: ClassName=3.4_4.2V_TO_FIXED_3.3V Member=C78
Removed Member From Class: ClassName=ETHERNET_STM32 Member=C78
Removed Member From Class: ClassName=MAX31865ATP Member=C78
Removed Member From Class: ClassName=BQ24259RGER Member=C79
Removed Member From Class: ClassName=ETHERNET_W5500 Member=C79
Removed Member From Class: ClassName=MAX31865ATP Member=C79
Removed Member From Class: ClassName=MAX31865ATP Member=C80
Removed Member From Class: ClassName=FLASH MEMORY Member=R9
Removed Member From Class: ClassName=ETHERNET_STM32 Member=R78
Removed Member From Class: ClassName=ETHERNET_W5500 Member=R79
Removed Member From Class: ClassName=ETHERNET_W5500 Member=R82
Removed Member From Class: ClassName=BQ24259RGER Member=R94
Removed Member From Class: ClassName=BQ24259RGER Member=R95
Removed Member From Class: ClassName=ETHERNET_W5500 Member=R95
Removed Member From Class: ClassName=BQ24259RGER Member=R96
Removed Member From Class: ClassName=ETHERNET_STM32 Member=R96
Removed Member From Class: ClassName=BQ24259RGER Member=R97
Removed Member From Class: ClassName=ETHERNET_STM32 Member=R97
Removed Member From Class: ClassName=BQ24259RGER Member=R98
Removed Member From Class: ClassName=ETHERNET_STM32 Member=R98
Removed Member From Class: ClassName=BQ24259RGER Member=R99
Removed Member From Class: ClassName=ETHERNET_STM32 Member=R99
Removed Member From Class: ClassName=ETHERNET_STM32 Member=R100
Removed Member From Class: ClassName=PWR_CTRL Member=R100
Removed Member From Class: ClassName=BQ24259RGER Member=R101
Removed Member From Class: ClassName=ETHERNET_STM32 Member=R101
Removed Member From Class: ClassName=BQ24259RGER Member=R102
Removed Member From Class: ClassName=ETHERNET_W5500 Member=R102
Removed Member From Class: ClassName=OUTPUT Member=R102
Removed Member From Class: ClassName=BQ24259RGER Member=R103
Removed Member From Class: ClassName=ETHERNET_W5500 Member=R103
Removed Member From Class: ClassName=OUTPUT Member=R103
Removed Member From Class: ClassName=BQ24259RGER Member=R104
Removed Member From Class: ClassName=ETHERNET_STM32 Member=R104
Removed Member From Class: ClassName=BQ24259RGER Member=R105
Removed Member From Class: ClassName=ETHERNET_STM32 Member=R105
Removed Member From Class: ClassName=PWR_CTRL Member=U12
Removed Member From Class: ClassName=RS485 Member=U13
Removed Member From Class: ClassName=POWER SUPPLY Member=U14
Removed Member From Class: ClassName=POWER SUPPLY Member=U17
Removed Member From Class: ClassName=STM32F446RET6 Member=U23
Add Component: Footprint Not Found SOT229P700X180-4N
Add Component: Footprint Not Found solder bridge
Add Component: Footprint Not Found solder bridge
Add Component: Footprint Not Found solder bridge
Add Component: Footprint Not Found solder bridge
Add Component: Footprint Not Found solder bridge
Add Component: Footprint Not Found solder bridge
Add Component: Footprint Not Found solder bridge
Add Component: Footprint Not Found solder bridge
Add Component: Footprint Not Found solder bridge
Add Component: Footprint Not Found solder bridge
Add Component: Footprint Not Found 8-VSSOP
Add Pin To Net: Unknown Pin: Pin D5-1
Add Pin To Net: Unknown Pin: Pin D5-2
Add Pin To Net: Unknown Pin: Pin D6-1
Add Pin To Net: Unknown Pin: Pin D6-2
Add Pin To Net: Unknown Pin: Pin D7-1
Add Pin To Net: Unknown Pin: Pin D7-2
Add Pin To Net: Unknown Pin: Pin D8-1
Add Pin To Net: Unknown Pin: Pin D8-2
Add Pin To Net: Unknown Pin: Pin D9-1
Add Pin To Net: Unknown Pin: Pin D9-2
Add Pin To Net: Unknown Pin: Pin IC1-1
Add Pin To Net: Unknown Pin: Pin IC1-2
Add Pin To Net: Unknown Pin: Pin IC1-4
Add Pin To Net: Unknown Pin: Pin SB1-1
Add Pin To Net: Unknown Pin: Pin SB1-2
Add Pin To Net: Unknown Pin: Pin SB2-1
Add Pin To Net: Unknown Pin: Pin SB2-2
Add Pin To Net: Unknown Pin: Pin SB3-1
Add Pin To Net: Unknown Pin: Pin SB3-2
Add Pin To Net: Unknown Pin: Pin SB4-1
Add Pin To Net: Unknown Pin: Pin SB4-2
Add Pin To Net: Unknown Pin: Pin SB5-1
Add Pin To Net: Unknown Pin: Pin SB5-2
Add Pin To Net: Unknown Pin: Pin SB6-1
Add Pin To Net: Unknown Pin: Pin SB6-2
Add Pin To Net: Unknown Pin: Pin SB7-1
Add Pin To Net: Unknown Pin: Pin SB7-2
Add Pin To Net: Unknown Pin: Pin SB8-1
Add Pin To Net: Unknown Pin: Pin SB8-2
Add Pin To Net: Unknown Pin: Pin SB9-1
Add Pin To Net: Unknown Pin: Pin SB9-2
Add Pin To Net: Unknown Pin: Pin SB10-1
Add Pin To Net: Unknown Pin: Pin SB10-2
Add Pin To Net: Unknown Pin: Pin U9-1
Add Pin To Net: Unknown Pin: Pin U9-2
Add Pin To Net: Unknown Pin: Pin U9-8
Add Net: Net with name "+5V" already exists
Add Net: Net with name "RS450_EN" already exists
Add Net: Net with name "RS485_A" already exists
Add Net: Net with name "RS485_B" already exists
Add Net: Net with name "V_MCU_3.3V" already exists
Add Net: Net with name "V_MCU_3.3V" already exists
Added Member To Class: ClassName=SD card Member=Component C1 CL10B104KB8NNNC
Added Member To Class: ClassName=ETHERNET_W5500 Member=Component C7 100nf/50v
Added Member To Class: ClassName=ETHERNET_W5500 Member=Component C8 10uf
Added Member To Class: ClassName=ETHERNET_W5500 Member=Component C9 100nf/50v
Added Member To Class: ClassName=ETHERNET_W5500 Member=Component C10 10uf
Added Member To Class: ClassName=ETHERNET_W5500 Member=Component C20 100NF
Added Member To Class: ClassName=ETHERNET_W5500 Member=Component C21 18pF
Added Member To Class: ClassName=ETHERNET_W5500 Member=Component C22 18pF
Added Member To Class: ClassName=ETHERNET_STM32 Member=Component C23 470pF
Added Member To Class: ClassName=ETHERNET_STM32 Member=Component C26 100nF
Added Member To Class: ClassName=ETHERNET_STM32 Member=Component C27 100nF
Added Member To Class: ClassName=ETHERNET_STM32 Member=Component C28 10uf
Added Member To Class: ClassName=ETHERNET_STM32 Member=Component C29 100nF
Added Member To Class: ClassName=ETHERNET_STM32 Member=Component C30 100nF
Added Member To Class: ClassName=3.4_4.2V_TO_FIXED_3.3V Member=Component C40 10uf
Added Member To Class: ClassName=3.4_4.2V_TO_FIXED_3.3V Member=Component C41 10uf
Added Member To Class: ClassName=3.4_4.2V_TO_FIXED_3.3V Member=Component C43 0.1uF,50V,10%
Added Member To Class: ClassName=BQ24259RGER Member=Component C44 1uF
Added Member To Class: ClassName=BQ24259RGER Member=Component C45 47nF
Added Member To Class: ClassName=BQ24259RGER Member=Component C47 CC0603KRX7R9BB104
Added Member To Class: ClassName=BQ24259RGER Member=Component C49 CC0603KRX7R9BB104
Added Member To Class: ClassName=BQ24259RGER Member=Component C50 10uf,10V,±10%
Added Member To Class: ClassName=BQ24259RGER Member=Component C51 4.7uf
Added Member To Class: ClassName=PWR_CTRL Member=Component C53 1uF
Added Member To Class: ClassName=PWR_CTRL Member=Component C54 0.1uF,50V,10%
Added Member To Class: ClassName=MAX31865ATP Member=Component C55 CL10B104KB8NNNC
Added Member To Class: ClassName=MAX31865ATP Member=Component C57 CL10B104KB8NNNC
Added Member To Class: ClassName=MAX31865ATP Member=Component C58 CL10B104KB8NNNC
Added Member To Class: ClassName=MAX31865ATP Member=Component C59 CL10B104KB8NNNC
Added Member To Class: ClassName=MAX31865ATP Member=Component C65 CL10B104KB8NNNC
Added Member To Class: ClassName=STM32F446RET6 Member=Component C67 18pF
Added Member To Class: ClassName=STM32F446RET6 Member=Component C68 12pF
Added Member To Class: ClassName=STM32F446RET6 Member=Component C69 18pF
Add Class Member: Failed to add class member : Component IC1 AMS1117-3.3
Added Member To Class: ClassName=SD card Member=Component R2 10K,75V,1%
Added Member To Class: ClassName=SD card Member=Component R4 4.7KO
Added Member To Class: ClassName=SD card Member=Component R8 4.7KO
Added Member To Class: ClassName=FLASH MEMORY Member=Component R10 10K,75V,1%
Added Member To Class: ClassName=ETHERNET_W5500 Member=Component R22 1K
Added Member To Class: ClassName=ETHERNET_W5500 Member=Component R23 10K,75V,1%
Added Member To Class: ClassName=ETHERNET_W5500 Member=Component R24 10K,75V,1%
Added Member To Class: ClassName=ETHERNET_W5500 Member=Component R30 10K,75V,1%
Added Member To Class: ClassName=ETHERNET_W5500 Member=Component R31 10K,75V,1%
Added Member To Class: ClassName=ETHERNET_STM32 Member=Component R38 10K,75V,1%
Added Member To Class: ClassName=ETHERNET_STM32 Member=Component R42 49.9 R
Added Member To Class: ClassName=ETHERNET_STM32 Member=Component R43 33R
Added Member To Class: ClassName=ETHERNET_STM32 Member=Component R44 33R
Added Member To Class: ClassName=ETHERNET_STM32 Member=Component R45 33R
Added Member To Class: ClassName=ETHERNET_STM32 Member=Component R46 12.1K
Added Member To Class: ClassName=ETHERNET_STM32 Member=Component R47 33R
Added Member To Class: ClassName=ETHERNET_STM32 Member=Component R48 0R,1%
Added Member To Class: ClassName=ETHERNET_STM32 Member=Component R49 10K,75V,1%
Added Member To Class: ClassName=BQ24259RGER Member=Component R80 2.2KO
Added Member To Class: ClassName=BQ24259RGER Member=Component R81 10kO
Added Member To Class: ClassName=BQ24259RGER Member=Component R82 10kO
Added Member To Class: ClassName=BQ24259RGER Member=Component R83 10kO
Added Member To Class: ClassName=BQ24259RGER Member=Component R84 10kO
Added Member To Class: ClassName=BQ24259RGER Member=Component R85 10kO
Added Member To Class: ClassName=BQ24259RGER Member=Component R86 5.23kO
Added Member To Class: ClassName=BQ24259RGER Member=Component R87 316O
Added Member To Class: ClassName=BQ24259RGER Member=Component R88 10kO
Added Member To Class: ClassName=BQ24259RGER Member=Component R89 10kO
Added Member To Class: ClassName=BQ24259RGER Member=Component R90 31.6kO
Added Member To Class: ClassName=PWR_CTRL Member=Component R91 10kO
Added Member To Class: ClassName=OUTPUT Member=Component R92 1K
Added Member To Class: ClassName=OUTPUT Member=Component R93 1K
Add Class Member: Failed to add class member : Component SB1 solder bridge
Add Class Member: Failed to add class member : Component SB2 solder bridge
Add Class Member: Failed to add class member : Component SB3 solder bridge
Add Class Member: Failed to add class member : Component SB4 solder bridge
Add Class Member: Failed to add class member : Component SB5 solder bridge
Add Class Member: Failed to add class member : Component SB6 solder bridge
Add Class Member: Failed to add class member : Component SB7 solder bridge
Add Class Member: Failed to add class member : Component SB8 solder bridge
Add Class Member: Failed to add class member : Component SB9 solder bridge
Add Class Member: Failed to add class member : Component SB10 solder bridge
Added Member To Class: ClassName=POWER SUPPLY Member=Component U6 DC-062A-4A-2.0
Added Member To Class: ClassName=POWER SUPPLY Member=Component U7 HU2G2R2M0610
Add Class Member: Failed to add class member : Component U9 TXS0102DCUR
Added Member To Class: ClassName=PWR_CTRL Member=Component U16 TPS22917DBVR
Added Member To Class: ClassName=MAX31865ATP Member=Component U24 DORABO'
Added Member To Class: ClassName=STM32F446RET6 Member=Component U26 STM32F446RET6
