Removed Pin From Net: NetName=GND Pin=C53-1
Removed Pin From Net: NetName=BAT Pin=C53-2
Removed Pin From Net: NetName=GND Pin=C54-1
Removed Pin From Net: NetName=GND Pin=R87-1
Removed Pin From Net: NetName=BAT Pin=SW1-1
Removed Pin From Net: NetName=BAT Pin=U15-1
Removed Pin From Net: NetName=GND Pin=U15-2
Removed Pin From Net: NetName=GND Pin=U16-4
Removed Pin From Net: NetName=BAT Pin=U16-8
Removed Member From Class: ClassName=U_PWR_CTRL Member=C53
Removed Member From Class: ClassName=U_PWR_CTRL Member=C54
Removed Member From Class: ClassName=U_PWR_CTRL Member=R87
Removed Member From Class: ClassName=U_PWR_CTRL Member=SW1
Removed Member From Class: ClassName=U_PWR_CTRL Member=U15
Removed Member From Class: ClassName=U_PWR_CTRL Member=U16
Removed Member From Class: ClassName=BMS_I2C Member=NetU15_3
Added Component: Designator=C?(C0603)
Add component (AddParameter): Name = "Datasheet"; Value = "https://datasheet.lcsc.com/lcsc/2404081050_Murata-Electronics-GCM188R71H104KA57J_C3011652.pdf"; VariantName = "[No Variations]"
Add component (AddParameter): Name = "LCSC"; Value = "C3011652"; VariantName = "[No Variations]"
Add component (AddParameter): Name = "Manufacturer"; Value = "Murata Electronics"; VariantName = "[No Variations]"
Add component (AddParameter): Name = "Max Operating Temp"; Value = "125°C"; VariantName = "[No Variations]"
Add component (AddParameter): Name = "Min Operating Temp"; Value = "-55°C"; VariantName = "[No Variations]"
Add component (AddParameter): Name = "MPN"; Value = "GCM188R71H104KA57J"; VariantName = "[No Variations]"
Add component (AddParameter): Name = "Package"; Value = "0603"; VariantName = "[No Variations]"
Add component (AddParameter): Name = "Type"; Value = "SM"; VariantName = "[No Variations]"
Add component (AddParameter): Name = "Value"; Value = "0.1uF,50V,10%"; VariantName = "[No Variations]"
Added Component: Designator=C?(CAPC1608X90N)
Add component (AddParameter): Name = "Datasheet"; Value = "https://datasheet.lcsc.com/lcsc/2304140030_FH--Guangdong-Fenghua-Advanced-Tech-0603B105K250NT_C59302.pdf"; VariantName = "[No Variations]"
Add component (AddParameter): Name = "LCSC"; Value = "C59302"; VariantName = "[No Variations]"
Add component (AddParameter): Name = "Manufacturer"; Value = "FH (Guangdong Fenghua Advanced Tech)"; VariantName = "[No Variations]"
Add component (AddParameter): Name = "MPN"; Value = "0603B105K250NT"; VariantName = "[No Variations]"
Add component (AddParameter): Name = "Package"; Value = "0603"; VariantName = "[No Variations]"
Add component (AddParameter): Name = "Value"; Value = "25V,1uF"; VariantName = "[No Variations]"
Added Component: Designator=SW?(SW_EVP-AKE31A_PAN)
Add component (AddParameter): Name = "Mfr_Name"; Value = "Panasonic"; VariantName = "[No Variations]"
Add component (AddParameter): Name = "RefDes"; Value = ""; VariantName = "[No Variations]"
Add component (AddParameter): Name = "Type"; Value = ""; VariantName = "[No Variations]"
Added Component: Designator=U?(SOT95P275X110-6N)
Add component (AddParameter): Name = "Availability"; Value = "In Stock"; VariantName = "[No Variations]"
Add component (AddParameter): Name = "Check_prices"; Value = "https://www.snapeda.com/parts/MAX16054AZT+T/Analog+Devices/view-part/?ref=eda"; VariantName = "[No Variations]"
Add component (AddParameter): Name = "MF"; Value = "Analog Devices"; VariantName = "[No Variations]"
Add component (AddParameter): Name = "MP"; Value = "MAX16054AZT+T"; VariantName = "[No Variations]"
Add component (AddParameter): Name = "Package"; Value = "SOT-23-6 Maxim"; VariantName = "[No Variations]"
Add component (AddParameter): Name = "Price"; Value = "None"; VariantName = "[No Variations]"
Add component (AddParameter): Name = "Purchase-URL"; Value = "https://pricing.snapeda.com/search/part/MAX16054AZT+T/?ref=eda"; VariantName = "[No Variations]"
Add component (AddParameter): Name = "SnapEDA_Link"; Value = "https://www.snapeda.com/parts/MAX16054AZT+T/Analog+Devices/view-part/?ref=snap"; VariantName = "[No Variations]"
Add component (AddParameter): Name = "Value"; Value = ""; VariantName = "[No Variations]"
Added Component: Designator=U?(SOT95P280X145-6N)
Add component (AddParameter): Name = "Check_prices"; Value = "https://www.snapeda.com/parts/TPS22917DBVR/Texas+Instruments/view-part/?ref=eda"; VariantName = "[No Variations]"
Add component (AddParameter): Name = "MF"; Value = "Texas Instruments"; VariantName = "[No Variations]"
Add component (AddParameter): Name = "MP"; Value = "TPS22917DBVR"; VariantName = "[No Variations]"
Add component (AddParameter): Name = "Package"; Value = "SOT-23-6 Texas Instruments"; VariantName = "[No Variations]"
Add component (AddParameter): Name = "SnapEDA_Link"; Value = "https://www.snapeda.com/parts/TPS22917DBVR/Texas+Instruments/view-part/?ref=snap"; VariantName = "[No Variations]"
Add component (AddParameter): Name = "Value"; Value = ""; VariantName = "[No Variations]"
Added Pin To Net: NetName=GND Pin=C?-1
Added Pin To Net: NetName=GND Pin=C?-1
Added Pin To Net: NetName=BAT Pin=C?-2
Add Pin To Net: Unknown Pin: Pin D5-1
Add Pin To Net: Unknown Pin: Pin D5-2
Add Pin To Net: Unknown Pin: Pin D6-1
Add Pin To Net: Unknown Pin: Pin D6-2
Add Pin To Net: Unknown Pin: Pin D7-1
Add Pin To Net: Unknown Pin: Pin D7-2
Added Pin To Net: NetName=GND Pin=SW?-1
Added Pin To Net: NetName=BAT Pin=U?-1
Added Pin To Net: NetName=GND Pin=U?-2
Added Pin To Net: NetName=GND Pin=U?-2
Added Pin To Net: NetName=GND Pin=U?-3
Added Pin To Net: NetName=BAT Pin=U?-6
Added Pin To Net: NetName=NetC?_2 Pin=C?-2
Added Pin To Net: NetName=NetC?_2 Pin=U?-6
Added Net: Name=NetC?_2
Added Pin To Net: NetName=NetSW?_2 Pin=SW?-2
Added Pin To Net: NetName=NetSW?_2 Pin=U?-1
Added Net: Name=NetSW?_2
Added Pin To Net: NetName=NetU?_3 Pin=U?-3
Added Pin To Net: NetName=NetU?_3 Pin=U?-5
Added Net: Name=NetU?_3
Add Net: Net with name "V_MCU_3.3V" already exists
Added Member To Class: ClassName=U_PWR_CTRL Member=Component C? 0.1uF,50V,10%
Added Member To Class: ClassName=U_PWR_CTRL Member=Component C? 1uF
Added Member To Class: ClassName=U_PWR_CTRL Member=Component SW? EVP-AKE31A
Added Member To Class: ClassName=U_PWR_CTRL Member=Component U? MAX16054AZT+T
Added Member To Class: ClassName=U_PWR_CTRL Member=Component U? TPS22917DBVR
Added Member To Class: ClassName=BMS_I2C Member=Wire NetU?_3
