Removed Member From Class: ClassName=U_BUZZER Member=R?
Change Component Designator: OldDesignator=J? NewDesignator=J1
Change Component Designator: OldDesignator=LS? NewDesignator=LS1
Change Component Designator: OldDesignator=Q? NewDesignator=Q9
Change Component Designator: OldDesignator=R? NewDesignator=R113
Change Component Designator: OldDesignator=R? NewDesignator=R114
Change Component Designator: OldDesignator=R? NewDesignator=R115
Change Component Designator: OldDesignator=R? NewDesignator=R116
Add Component: Footprint Not Found XCVR_ESP8266-01/ESP-01
Add Pin To Net: Unknown Pin: Pin D5-1
Add Pin To Net: Unknown Pin: Pin D5-2
Add Pin To Net: Unknown Pin: Pin D6-1
Add Pin To Net: Unknown Pin: Pin D6-2
Add Pin To Net: Unknown Pin: Pin D7-1
Add Pin To Net: Unknown Pin: Pin D7-2
Add Pin To Net: Unknown Pin: Pin U30-1
Add Pin To Net: Unknown Pin: Pin U30-8
Change Net Name : Old Net Name=NetLS?_N New Net Name=NetLS1_N
Change Net Name : Old Net Name=NetQ?_1 New Net Name=NetQ9_1
Change Net Name : Old Net Name=NetR?_1 New Net Name=NetR113_1
Added Pin To Net: NetName=NetR115_1 Pin=R115-1
Added Net: Name=NetR115_1
Added Pin To Net: NetName=NetR116_1 Pin=R116-1
Added Net: Name=NetR116_1
Added Net: Name=NetU30_4
Added Net: Name=NetU30_5
Add Net: Net with name "V_MCU_3.3V" already exists
Added Member To Class: ClassName=U_BUZZER Member=Component R113 1K
Added Member To Class: ClassName=U_BUZZER Member=Component R114 1kO
Added Member To Class: ClassName=U_ESP8266 MODULE Member=Component R116 10K
Add Class Member: Failed to add class member : Component U30 ESP8266-01/ESP-01
