Removed Pin From Net: NetName=+3V3 Pin=R1-2
Removed Pin From Net: NetName=+3V3 Pin=R2-2
Removed Pin From Net: NetName=+3V3 Pin=R3-2
Removed Pin From Net: NetName=SDIO_D2 Pin=SB5-1
Removed Pin From Net: NetName=SDIO_D3 Pin=SB6-1
Removed Pin From Net: NetName=SDIO_CMD Pin=SB7-1
Removed Pin From Net: NetName=SDIO_CLK Pin=SB8-1
Removed Pin From Net: NetName=SDIO_D0 Pin=SB9-1
Removed Pin From Net: NetName=SDIO_D1 Pin=SB10-1
Removed Member From Class: ClassName=U_SD card Member=R1
Removed Member From Class: ClassName=U_SD card Member=R2
Removed Member From Class: ClassName=U_SD card Member=R3
Removed Member From Class: ClassName=U_SD card Member=SB1
Removed Member From Class: ClassName=U_SD card Member=SB2
Removed Member From Class: ClassName=U_SD card Member=SB3
Removed Member From Class: ClassName=U_SD card Member=SB4
Removed Member From Class: ClassName=U_SD card Member=SB5
Removed Member From Class: ClassName=U_SD card Member=SB6
Removed Member From Class: ClassName=U_SD card Member=SB7
Removed Member From Class: ClassName=U_SD card Member=SB8
Removed Member From Class: ClassName=U_SD card Member=SB9
Removed Member From Class: ClassName=U_SD card Member=SB10
Add Pin To Net: Unknown Pin: Pin D5-1
Add Pin To Net: Unknown Pin: Pin D5-2
Add Pin To Net: Unknown Pin: Pin D6-1
Add Pin To Net: Unknown Pin: Pin D6-2
Add Pin To Net: Unknown Pin: Pin D7-1
Add Pin To Net: Unknown Pin: Pin D7-2
Added Pin To Net: NetName=SDIO_D2 Pin=TF1-1
Added Pin To Net: NetName=SDIO_D3 Pin=TF1-2
Added Pin To Net: NetName=SDIO_CMD Pin=TF1-3
Added Pin To Net: NetName=SDIO_CLK Pin=TF1-5
Added Pin To Net: NetName=SDIO_D0 Pin=TF1-7
Added Pin To Net: NetName=SDIO_D1 Pin=TF1-8
Add Net: Net with name "V_MCU_3.3V" already exists
