Added Component: Designator=C53(CAPC1608X90N)
Add component (AddParameter): Name = "Datasheet"; Value = "https://datasheet.lcsc.com/lcsc/2304140030_FH--Guangdong-Fenghua-Advanced-Tech-0603B105K250NT_C59302.pdf"; VariantName = "[No Variations]"
Add component (AddParameter): Name = "LCSC"; Value = "C59302"; VariantName = "[No Variations]"
Add component (AddParameter): Name = "Manufacturer"; Value = "FH (Guangdong Fenghua Advanced Tech)"; VariantName = "[No Variations]"
Add component (AddParameter): Name = "MPN"; Value = "0603B105K250NT"; VariantName = "[No Variations]"
Add component (AddParameter): Name = "Package"; Value = "0603"; VariantName = "[No Variations]"
Add component (AddParameter): Name = "Value"; Value = "25V,1uF"; VariantName = "[No Variations]"
Added Component: Designator=R115(r-0603)
Add component (AddParameter): Name = "Arrow Part Number"; Value = ""; VariantName = "[No Variations]"
Add component (AddParameter): Name = "Arrow Price/Stock"; Value = ""; VariantName = "[No Variations]"
Add component (AddParameter): Name = "Datasheet Link"; Value = "https://datasheet.lcsc.com/szlcsc/Uniroyal-Elec-0603WAF1002T5E_C25804.pdf"; VariantName = "[No Variations]"
Add component (AddParameter): Name = "Height"; Value = "0.55mm"; VariantName = "[No Variations]"
Add component (AddParameter): Name = "Manufacturer_Name"; Value = "UNI-ROYAL(Uniroyal Elec)"; VariantName = "[No Variations]"
Add component (AddParameter): Name = "Manufacturer_Part_Number"; Value = "0603WAF1002T5E"; VariantName = "[No Variations]"
Add component (AddParameter): Name = "Mouser Part Number"; Value = ""; VariantName = "[No Variations]"
Add component (AddParameter): Name = "Mouser Price/Stock"; Value = ""; VariantName = "[No Variations]"
Added Component: Designator=R116(r-0603)
Add component (AddParameter): Name = "Arrow Part Number"; Value = ""; VariantName = "[No Variations]"
Add component (AddParameter): Name = "Arrow Price/Stock"; Value = ""; VariantName = "[No Variations]"
Add component (AddParameter): Name = "Datasheet Link"; Value = "https://datasheet.lcsc.com/szlcsc/Uniroyal-Elec-0603WAF1002T5E_C25804.pdf"; VariantName = "[No Variations]"
Add component (AddParameter): Name = "Height"; Value = "0.55mm"; VariantName = "[No Variations]"
Add component (AddParameter): Name = "Manufacturer_Name"; Value = "UNI-ROYAL(Uniroyal Elec)"; VariantName = "[No Variations]"
Add component (AddParameter): Name = "Manufacturer_Part_Number"; Value = "0603WAF1002T5E"; VariantName = "[No Variations]"
Add component (AddParameter): Name = "Mouser Part Number"; Value = ""; VariantName = "[No Variations]"
Add component (AddParameter): Name = "Mouser Price/Stock"; Value = ""; VariantName = "[No Variations]"
Added Component: Designator=U15(SOT95P275X110-6N)
Add component (AddParameter): Name = "Availability"; Value = "In Stock"; VariantName = "[No Variations]"
Add component (AddParameter): Name = "Check_prices"; Value = "https://www.snapeda.com/parts/MAX16054AZT+T/Analog+Devices/view-part/?ref=eda"; VariantName = "[No Variations]"
Add component (AddParameter): Name = "MF"; Value = "Analog Devices"; VariantName = "[No Variations]"
Add component (AddParameter): Name = "MP"; Value = "MAX16054AZT+T"; VariantName = "[No Variations]"
Add component (AddParameter): Name = "Package"; Value = "SOT-23-6 Maxim"; VariantName = "[No Variations]"
Add component (AddParameter): Name = "Price"; Value = "None"; VariantName = "[No Variations]"
Add component (AddParameter): Name = "Purchase-URL"; Value = "https://pricing.snapeda.com/search/part/MAX16054AZT+T/?ref=eda"; VariantName = "[No Variations]"
Add component (AddParameter): Name = "SnapEDA_Link"; Value = "https://www.snapeda.com/parts/MAX16054AZT+T/Analog+Devices/view-part/?ref=snap"; VariantName = "[No Variations]"
Add component (AddParameter): Name = "Value"; Value = ""; VariantName = "[No Variations]"
Added Component: Designator=U16(SOT95P280X145-6N)
Add component (AddParameter): Name = "Check_prices"; Value = "https://www.snapeda.com/parts/TPS22917DBVR/Texas+Instruments/view-part/?ref=eda"; VariantName = "[No Variations]"
Add component (AddParameter): Name = "MF"; Value = "Texas Instruments"; VariantName = "[No Variations]"
Add component (AddParameter): Name = "MP"; Value = "TPS22917DBVR"; VariantName = "[No Variations]"
Add component (AddParameter): Name = "Package"; Value = "SOT-23-6 Texas Instruments"; VariantName = "[No Variations]"
Add component (AddParameter): Name = "SnapEDA_Link"; Value = "https://www.snapeda.com/parts/TPS22917DBVR/Texas+Instruments/view-part/?ref=snap"; VariantName = "[No Variations]"
Add component (AddParameter): Name = "Value"; Value = ""; VariantName = "[No Variations]"
Added Pin To Net: NetName=GND Pin=C53-1
Added Pin To Net: NetName=BAT Pin=C53-2
Add Pin To Net: Unknown Pin: Pin D5-1
Add Pin To Net: Unknown Pin: Pin D5-2
Add Pin To Net: Unknown Pin: Pin D6-1
Add Pin To Net: Unknown Pin: Pin D6-2
Add Pin To Net: Unknown Pin: Pin D7-1
Add Pin To Net: Unknown Pin: Pin D7-2
Added Pin To Net: NetName=NetR115_1 Pin=R115-1
Added Pin To Net: NetName=+3.3V Pin=R115-2
Added Pin To Net: NetName=NetR116_1 Pin=R116-1
Added Pin To Net: NetName=+3.3V Pin=R116-2
Added Pin To Net: NetName=NetSW1_2 Pin=U15-1
Added Pin To Net: NetName=GND Pin=U15-2
Added Pin To Net: NetName=GND Pin=U15-3
Added Pin To Net: NetName=NetU15_5 Pin=U15-5
Added Pin To Net: NetName=BAT Pin=U15-6
Added Pin To Net: NetName=BAT Pin=U16-1
Added Pin To Net: NetName=GND Pin=U16-2
Added Pin To Net: NetName=NetU15_5 Pin=U16-3
Added Pin To Net: NetName=NetC54_2 Pin=U16-6
Add Net: Net with name "V_MCU_3.3V" already exists
Added Member To Class: ClassName=U_PWR_CTRL Member=Component C53 1uF
Added Member To Class: ClassName=U_ESP8266 MODULE Member=Component R115 10K
Added Member To Class: ClassName=U_ESP8266 MODULE Member=Component R116 10K
Added Member To Class: ClassName=U_PWR_CTRL Member=Component U15 MAX16054AZT+T
Added Member To Class: ClassName=U_PWR_CTRL Member=Component U16 TPS22917DBVR
